0 info it worked if it ends with ok
1 verbose cli [ 'E:\\Program Files\\nodejs\\node.exe',
1 verbose cli   'E:\\Program Files\\nodejs\\node_modules\\npm\\bin\\npm-cli.js',
1 verbose cli   'install',
1 verbose cli   'react-native-tab-view',
1 verbose cli   '--save' ]
2 info using npm@3.10.10
3 info using node@v6.11.2
4 silly loadCurrentTree Starting
5 silly install loadCurrentTree
6 silly install readLocalPackageData
7 silly fetchPackageMetaData react-native-tab-view@0.0.69
8 silly fetchNamedPackageData react-native-tab-view
9 silly mapToRegistry name react-native-tab-view
10 silly mapToRegistry using default registry
11 silly mapToRegistry registry https://registry.npmjs.org/
12 silly mapToRegistry data Result {
12 silly mapToRegistry   raw: 'react-native-tab-view',
12 silly mapToRegistry   scope: null,
12 silly mapToRegistry   escapedName: 'react-native-tab-view',
12 silly mapToRegistry   name: 'react-native-tab-view',
12 silly mapToRegistry   rawSpec: '',
12 silly mapToRegistry   spec: 'latest',
12 silly mapToRegistry   type: 'tag' }
13 silly mapToRegistry uri https://registry.npmjs.org/react-native-tab-view
14 verbose request uri https://registry.npmjs.org/react-native-tab-view
15 verbose request no auth needed
16 info attempt registry request try #1 at 9:36:22 AM
17 verbose request id 016e15b7a01711ee
18 verbose etag W/"59a615d4-226a9"
19 verbose lastModified Wed, 30 Aug 2017 01:33:08 GMT
20 http request GET https://registry.npmjs.org/react-native-tab-view
21 http 304 https://registry.npmjs.org/react-native-tab-view
22 verbose headers { date: 'Sun, 17 Sep 2017 05:06:22 GMT',
22 verbose headers   via: '1.1 varnish',
22 verbose headers   'cache-control': 'max-age=300',
22 verbose headers   etag: 'W/"59a615d4-226a9"',
22 verbose headers   age: '114',
22 verbose headers   connection: 'keep-alive',
22 verbose headers   'x-served-by': 'cache-hhn1531-HHN',
22 verbose headers   'x-cache': 'HIT',
22 verbose headers   'x-cache-hits': '1',
22 verbose headers   'x-timer': 'S1505624783.904283,VS0,VE0',
22 verbose headers   vary: 'Accept-Encoding, Accept' }
23 silly get cb [ 304,
23 silly get   { date: 'Sun, 17 Sep 2017 05:06:22 GMT',
23 silly get     via: '1.1 varnish',
23 silly get     'cache-control': 'max-age=300',
23 silly get     etag: 'W/"59a615d4-226a9"',
23 silly get     age: '114',
23 silly get     connection: 'keep-alive',
23 silly get     'x-served-by': 'cache-hhn1531-HHN',
23 silly get     'x-cache': 'HIT',
23 silly get     'x-cache-hits': '1',
23 silly get     'x-timer': 'S1505624783.904283,VS0,VE0',
23 silly get     vary: 'Accept-Encoding, Accept' } ]
24 verbose etag https://registry.npmjs.org/react-native-tab-view from cache
25 verbose get saving react-native-tab-view to C:\Users\nima\AppData\Roaming\npm-cache\registry.npmjs.org\react-native-tab-view\.cache.json
26 verbose correctMkdir C:\Users\nima\AppData\Roaming\npm-cache correctMkdir not in flight; initializing
27 silly install normalizeTree
28 silly loadCurrentTree Finishing
29 silly loadIdealTree Starting
30 silly install loadIdealTree
31 silly cloneCurrentTree Starting
32 silly install cloneCurrentTreeToIdealTree
33 silly cloneCurrentTree Finishing
34 silly loadShrinkwrap Starting
35 silly install loadShrinkwrap
36 silly loadShrinkwrap Finishing
37 silly loadAllDepsIntoIdealTree Starting
38 silly install loadAllDepsIntoIdealTree
39 silly resolveWithNewModule react-native-tab-view@0.0.69 checking installable status
40 silly cache add args [ 'react-native-tab-view@0.0.69', null ]
41 verbose cache add spec react-native-tab-view@0.0.69
42 silly cache add parsed spec Result {
42 silly cache add   raw: 'react-native-tab-view@0.0.69',
42 silly cache add   scope: null,
42 silly cache add   escapedName: 'react-native-tab-view',
42 silly cache add   name: 'react-native-tab-view',
42 silly cache add   rawSpec: '0.0.69',
42 silly cache add   spec: '0.0.69',
42 silly cache add   type: 'version' }
43 silly addNamed react-native-tab-view@0.0.69
44 verbose addNamed "0.0.69" is a plain semver version for react-native-tab-view
45 silly mapToRegistry name react-native-tab-view
46 silly mapToRegistry using default registry
47 silly mapToRegistry registry https://registry.npmjs.org/
48 silly mapToRegistry data Result {
48 silly mapToRegistry   raw: 'react-native-tab-view',
48 silly mapToRegistry   scope: null,
48 silly mapToRegistry   escapedName: 'react-native-tab-view',
48 silly mapToRegistry   name: 'react-native-tab-view',
48 silly mapToRegistry   rawSpec: '',
48 silly mapToRegistry   spec: 'latest',
48 silly mapToRegistry   type: 'tag' }
49 silly mapToRegistry uri https://registry.npmjs.org/react-native-tab-view
50 verbose addNameVersion registry:https://registry.npmjs.org/react-native-tab-view not in flight; fetching
51 verbose get https://registry.npmjs.org/react-native-tab-view not expired, no request
52 silly cache afterAdd react-native-tab-view@0.0.69
53 verbose afterAdd C:\Users\nima\AppData\Roaming\npm-cache\react-native-tab-view\0.0.69\package\package.json not in flight; writing
54 verbose correctMkdir C:\Users\nima\AppData\Roaming\npm-cache correctMkdir not in flight; initializing
55 verbose afterAdd C:\Users\nima\AppData\Roaming\npm-cache\react-native-tab-view\0.0.69\package\package.json written
56 silly loadAllDepsIntoIdealTree Finishing
57 silly loadIdealTree Finishing
58 silly currentTree example@0.0.1
58 silly currentTree +-- absolute-path@0.0.0
58 silly currentTree +-- accepts@1.2.13
58 silly currentTree +-- ajv@4.11.8
58 silly currentTree +-- align-text@0.1.4
58 silly currentTree +-- ansi-escapes@1.4.0
58 silly currentTree +-- ansi-regex@2.1.1
58 silly currentTree +-- ansi-styles@2.2.1
58 silly currentTree +-- ansi@0.3.1
58 silly currentTree +-- anymatch@1.3.2
58 silly currentTree +-- aproba@1.1.2
58 silly currentTree +-- are-we-there-yet@1.1.4
58 silly currentTree +-- arr-diff@2.0.0
58 silly currentTree +-- arr-flatten@1.1.0
58 silly currentTree +-- array-differ@1.0.0
58 silly currentTree +-- array-filter@0.0.1
58 silly currentTree +-- array-map@0.0.0
58 silly currentTree +-- array-reduce@0.0.0
58 silly currentTree +-- array-uniq@1.0.3
58 silly currentTree +-- array-unique@0.2.1
58 silly currentTree +-- art@0.10.1
58 silly currentTree +-- asap@2.0.6
58 silly currentTree +-- asn1@0.2.3
58 silly currentTree +-- assert-plus@0.2.0
58 silly currentTree +-- async@2.5.0
58 silly currentTree +-- asynckit@0.4.0
58 silly currentTree +-- aws-sign2@0.6.0
58 silly currentTree +-- aws4@1.6.0
58 silly currentTree +-- babel-code-frame@6.26.0
58 silly currentTree +-- babel-core@6.26.0
58 silly currentTree | `-- json5@0.5.1
58 silly currentTree +-- babel-generator@6.26.0
58 silly currentTree +-- babel-helper-builder-react-jsx@6.26.0
58 silly currentTree +-- babel-helper-call-delegate@6.24.1
58 silly currentTree +-- babel-helper-define-map@6.26.0
58 silly currentTree +-- babel-helper-function-name@6.24.1
58 silly currentTree +-- babel-helper-get-function-arity@6.24.1
58 silly currentTree +-- babel-helper-hoist-variables@6.24.1
58 silly currentTree +-- babel-helper-optimise-call-expression@6.24.1
58 silly currentTree +-- babel-helper-regex@6.26.0
58 silly currentTree +-- babel-helper-remap-async-to-generator@6.24.1
58 silly currentTree +-- babel-helper-replace-supers@6.24.1
58 silly currentTree +-- babel-helpers@6.24.1
58 silly currentTree +-- babel-messages@6.23.0
58 silly currentTree +-- babel-plugin-check-es2015-constants@6.22.0
58 silly currentTree +-- babel-plugin-external-helpers@6.22.0
58 silly currentTree +-- babel-plugin-react-transform@2.0.2
58 silly currentTree +-- babel-plugin-syntax-async-functions@6.13.0
58 silly currentTree +-- babel-plugin-syntax-class-properties@6.13.0
58 silly currentTree +-- babel-plugin-syntax-flow@6.18.0
58 silly currentTree +-- babel-plugin-syntax-jsx@6.18.0
58 silly currentTree +-- babel-plugin-syntax-object-rest-spread@6.13.0
58 silly currentTree +-- babel-plugin-syntax-trailing-function-commas@6.22.0
58 silly currentTree +-- babel-plugin-transform-async-to-generator@6.16.0
58 silly currentTree +-- babel-plugin-transform-class-properties@6.24.1
58 silly currentTree +-- babel-plugin-transform-es2015-arrow-functions@6.22.0
58 silly currentTree +-- babel-plugin-transform-es2015-block-scoped-functions@6.22.0
58 silly currentTree +-- babel-plugin-transform-es2015-block-scoping@6.26.0
58 silly currentTree +-- babel-plugin-transform-es2015-classes@6.24.1
58 silly currentTree +-- babel-plugin-transform-es2015-computed-properties@6.24.1
58 silly currentTree +-- babel-plugin-transform-es2015-destructuring@6.23.0
58 silly currentTree +-- babel-plugin-transform-es2015-for-of@6.23.0
58 silly currentTree +-- babel-plugin-transform-es2015-function-name@6.24.1
58 silly currentTree +-- babel-plugin-transform-es2015-literals@6.22.0
58 silly currentTree +-- babel-plugin-transform-es2015-modules-commonjs@6.26.0
58 silly currentTree +-- babel-plugin-transform-es2015-object-super@6.24.1
58 silly currentTree +-- babel-plugin-transform-es2015-parameters@6.24.1
58 silly currentTree +-- babel-plugin-transform-es2015-shorthand-properties@6.24.1
58 silly currentTree +-- babel-plugin-transform-es2015-spread@6.22.0
58 silly currentTree +-- babel-plugin-transform-es2015-sticky-regex@6.24.1
58 silly currentTree +-- babel-plugin-transform-es2015-template-literals@6.22.0
58 silly currentTree +-- babel-plugin-transform-es2015-unicode-regex@6.24.1
58 silly currentTree +-- babel-plugin-transform-es3-member-expression-literals@6.22.0
58 silly currentTree +-- babel-plugin-transform-es3-property-literals@6.22.0
58 silly currentTree +-- babel-plugin-transform-flow-strip-types@6.22.0
58 silly currentTree +-- babel-plugin-transform-object-assign@6.22.0
58 silly currentTree +-- babel-plugin-transform-object-rest-spread@6.26.0
58 silly currentTree +-- babel-plugin-transform-react-display-name@6.25.0
58 silly currentTree +-- babel-plugin-transform-react-jsx-source@6.22.0
58 silly currentTree +-- babel-plugin-transform-react-jsx@6.24.1
58 silly currentTree +-- babel-plugin-transform-regenerator@6.26.0
58 silly currentTree +-- babel-plugin-transform-strict-mode@6.24.1
58 silly currentTree +-- babel-polyfill@6.26.0
58 silly currentTree | +-- core-js@2.5.1
58 silly currentTree | `-- regenerator-runtime@0.10.5
58 silly currentTree +-- babel-preset-es2015-node@6.1.1
58 silly currentTree +-- babel-preset-fbjs@2.1.4
58 silly currentTree +-- babel-preset-react-native@1.9.2
58 silly currentTree +-- babel-register@6.26.0
58 silly currentTree | `-- core-js@2.5.1
58 silly currentTree +-- babel-runtime@6.26.0
58 silly currentTree | +-- core-js@2.5.1
58 silly currentTree | `-- regenerator-runtime@0.11.0
58 silly currentTree +-- babel-template@6.26.0
58 silly currentTree +-- babel-traverse@6.26.0
58 silly currentTree +-- babel-types@6.26.0
58 silly currentTree +-- babylon@6.18.0
58 silly currentTree +-- balanced-match@1.0.0
58 silly currentTree +-- base64-js@1.2.1
58 silly currentTree +-- base64-url@1.2.1
58 silly currentTree +-- basic-auth-connect@1.0.0
58 silly currentTree +-- basic-auth@1.0.4
58 silly currentTree +-- batch@0.5.3
58 silly currentTree +-- bcrypt-pbkdf@1.0.1
58 silly currentTree +-- beeper@1.1.1
58 silly currentTree +-- big-integer@1.6.25
58 silly currentTree +-- body-parser@1.13.3
58 silly currentTree | +-- debug@2.2.0
58 silly currentTree | +-- iconv-lite@0.4.11
58 silly currentTree | `-- ms@0.7.1
58 silly currentTree +-- boom@2.10.1
58 silly currentTree +-- bplist-creator@0.0.7
58 silly currentTree +-- bplist-parser@0.1.1
58 silly currentTree +-- brace-expansion@1.1.8
58 silly currentTree +-- braces@1.8.5
58 silly currentTree +-- browser-stdout@1.3.0
58 silly currentTree +-- bser@1.0.3
58 silly currentTree +-- builtin-modules@1.1.1
58 silly currentTree +-- bytes@2.1.0
58 silly currentTree +-- camelcase@1.2.1
58 silly currentTree +-- caseless@0.12.0
58 silly currentTree +-- center-align@0.1.3
58 silly currentTree +-- chalk@1.1.3
58 silly currentTree +-- cli-cursor@1.0.2
58 silly currentTree +-- cli-width@2.2.0
58 silly currentTree +-- cliui@2.1.0
58 silly currentTree | `-- wordwrap@0.0.2
58 silly currentTree +-- clone-stats@0.0.1
58 silly currentTree +-- clone@1.0.2
58 silly currentTree +-- co@4.6.0
58 silly currentTree +-- code-point-at@1.1.0
58 silly currentTree +-- combined-stream@1.0.5
58 silly currentTree +-- commander@2.11.0
58 silly currentTree +-- compressible@2.0.11
58 silly currentTree +-- compression@1.5.2
58 silly currentTree | +-- debug@2.2.0
58 silly currentTree | `-- ms@0.7.1
58 silly currentTree +-- concat-map@0.0.1
58 silly currentTree +-- concat-stream@1.6.0
58 silly currentTree +-- connect-timeout@1.6.2
58 silly currentTree | +-- debug@2.2.0
58 silly currentTree | `-- ms@0.7.1
58 silly currentTree +-- connect@2.30.2
58 silly currentTree | +-- debug@2.2.0
58 silly currentTree | `-- ms@0.7.1
58 silly currentTree +-- content-type@1.0.4
58 silly currentTree +-- convert-source-map@1.5.0
58 silly currentTree +-- cookie-parser@1.3.5
58 silly currentTree +-- cookie-signature@1.0.6
58 silly currentTree +-- cookie@0.1.3
58 silly currentTree +-- core-js@1.2.7
58 silly currentTree +-- core-util-is@1.0.2
58 silly currentTree +-- crc@3.3.0
58 silly currentTree +-- create-react-class@15.6.0
58 silly currentTree +-- cross-spawn@3.0.1
58 silly currentTree +-- cryptiles@2.0.5
58 silly currentTree +-- csrf@3.0.6
58 silly currentTree +-- csurf@1.8.3
58 silly currentTree +-- dashdash@1.14.1
58 silly currentTree | `-- assert-plus@1.0.0
58 silly currentTree +-- dateformat@2.0.0
58 silly currentTree +-- debug@2.6.8
58 silly currentTree +-- decamelize@1.2.0
58 silly currentTree +-- delayed-stream@1.0.0
58 silly currentTree +-- delegates@1.0.0
58 silly currentTree +-- denodeify@1.2.1
58 silly currentTree +-- depd@1.0.1
58 silly currentTree +-- destroy@1.0.4
58 silly currentTree +-- detect-indent@4.0.0
58 silly currentTree +-- diff@3.2.0
58 silly currentTree +-- dom-walk@0.1.1
58 silly currentTree +-- duplexer2@0.0.2
58 silly currentTree | +-- isarray@0.0.1
58 silly currentTree | +-- readable-stream@1.1.14
58 silly currentTree | `-- string_decoder@0.10.31
58 silly currentTree +-- ecc-jsbn@0.1.1
58 silly currentTree +-- ee-first@1.1.1
58 silly currentTree +-- encoding@0.1.12
58 silly currentTree +-- errno@0.1.4
58 silly currentTree +-- error-ex@1.3.1
58 silly currentTree +-- errorhandler@1.4.3
58 silly currentTree | +-- accepts@1.3.4
58 silly currentTree | +-- mime-types@2.1.17
58 silly currentTree | `-- negotiator@0.6.1
58 silly currentTree +-- escape-html@1.0.3
58 silly currentTree +-- escape-string-regexp@1.0.5
58 silly currentTree +-- esutils@2.0.2
58 silly currentTree +-- etag@1.7.0
58 silly currentTree +-- event-target-shim@1.1.1
58 silly currentTree +-- exec-sh@0.2.1
58 silly currentTree +-- exit-hook@1.1.1
58 silly currentTree +-- expand-brackets@0.1.5
58 silly currentTree +-- expand-range@1.8.2
58 silly currentTree +-- express-session@1.11.3
58 silly currentTree | +-- debug@2.2.0
58 silly currentTree | +-- ms@0.7.1
58 silly currentTree | `-- uid-safe@2.0.0
58 silly currentTree +-- extend@3.0.1
58 silly currentTree +-- extglob@0.3.2
58 silly currentTree +-- extsprintf@1.3.0
58 silly currentTree +-- fancy-log@1.3.0
58 silly currentTree +-- fb-watchman@2.0.0
58 silly currentTree | `-- bser@2.0.0
58 silly currentTree +-- fbjs-scripts@0.7.1
58 silly currentTree | `-- babel-preset-fbjs@1.0.0
58 silly currentTree +-- fbjs@0.8.15
58 silly currentTree +-- figures@1.7.0
58 silly currentTree +-- filename-regex@2.0.1
58 silly currentTree +-- fill-range@2.2.3
58 silly currentTree +-- finalhandler@0.4.0
58 silly currentTree | +-- debug@2.2.0
58 silly currentTree | +-- escape-html@1.0.2
58 silly currentTree | `-- ms@0.7.1
58 silly currentTree +-- find-up@1.1.2
58 silly currentTree +-- for-in@1.0.2
58 silly currentTree +-- for-own@0.1.5
58 silly currentTree +-- forever-agent@0.6.1
58 silly currentTree +-- form-data@2.3.1
58 silly currentTree | `-- mime-types@2.1.17
58 silly currentTree +-- fresh@0.3.0
58 silly currentTree +-- fs-extra@1.0.0
58 silly currentTree +-- fs.realpath@1.0.0
58 silly currentTree +-- gauge@1.2.7
58 silly currentTree +-- get-caller-file@1.0.2
58 silly currentTree +-- getpass@0.1.7
58 silly currentTree | `-- assert-plus@1.0.0
58 silly currentTree +-- glob-base@0.3.0
58 silly currentTree +-- glob-parent@2.0.0
58 silly currentTree +-- glob@7.1.2
58 silly currentTree +-- global@4.3.2
58 silly currentTree +-- globals@9.18.0
58 silly currentTree +-- glogg@1.0.0
58 silly currentTree +-- graceful-fs@4.1.11
58 silly currentTree +-- graceful-readlink@1.0.1
58 silly currentTree +-- growl@1.9.2
58 silly currentTree +-- gulp-util@3.0.8
58 silly currentTree | `-- object-assign@3.0.0
58 silly currentTree +-- gulplog@1.0.0
58 silly currentTree +-- har-schema@1.0.5
58 silly currentTree +-- har-validator@4.2.1
58 silly currentTree +-- has-ansi@2.0.0
58 silly currentTree +-- has-flag@1.0.0
58 silly currentTree +-- has-gulplog@0.1.0
58 silly currentTree +-- has-unicode@2.0.1
58 silly currentTree +-- hawk@3.1.3
58 silly currentTree +-- he@1.1.1
58 silly currentTree +-- hoek@2.16.3
58 silly currentTree +-- home-or-tmp@2.0.0
58 silly currentTree +-- hosted-git-info@2.5.0
58 silly currentTree +-- http-errors@1.3.1
58 silly currentTree +-- http-signature@1.1.1
58 silly currentTree +-- iconv-lite@0.4.19
58 silly currentTree +-- image-size@0.3.5
58 silly currentTree +-- imurmurhash@0.1.4
58 silly currentTree +-- inflight@1.0.6
58 silly currentTree +-- inherits@2.0.3
58 silly currentTree +-- inquirer@0.12.0
58 silly currentTree +-- invariant@2.2.2
58 silly currentTree +-- invert-kv@1.0.0
58 silly currentTree +-- is-arrayish@0.2.1
58 silly currentTree +-- is-buffer@1.1.5
58 silly currentTree +-- is-builtin-module@1.0.0
58 silly currentTree +-- is-dotfile@1.0.3
58 silly currentTree +-- is-equal-shallow@0.1.3
58 silly currentTree +-- is-extendable@0.1.1
58 silly currentTree +-- is-extglob@1.0.0
58 silly currentTree +-- is-finite@1.0.2
58 silly currentTree +-- is-fullwidth-code-point@1.0.0
58 silly currentTree +-- is-glob@2.0.1
58 silly currentTree +-- is-number@2.1.0
58 silly currentTree +-- is-posix-bracket@0.1.1
58 silly currentTree +-- is-primitive@2.0.0
58 silly currentTree +-- is-stream@1.1.0
58 silly currentTree +-- is-typedarray@1.0.0
58 silly currentTree +-- is-utf8@0.2.1
58 silly currentTree +-- isarray@1.0.0
58 silly currentTree +-- isemail@1.2.0
58 silly currentTree +-- isexe@2.0.0
58 silly currentTree +-- isobject@2.1.0
58 silly currentTree +-- isomorphic-fetch@2.2.1
58 silly currentTree +-- isstream@0.1.2
58 silly currentTree +-- jest-docblock@20.0.3
58 silly currentTree +-- jest-haste-map@20.0.5
58 silly currentTree | +-- bser@1.0.2
58 silly currentTree | `-- sane@1.6.0
58 silly currentTree |   `-- fb-watchman@1.9.2
58 silly currentTree +-- joi@6.10.1
58 silly currentTree +-- js-tokens@3.0.2
58 silly currentTree +-- jsbn@0.1.1
58 silly currentTree +-- jsesc@1.3.0
58 silly currentTree +-- json-schema@0.2.3
58 silly currentTree +-- json-stable-stringify@1.0.1
58 silly currentTree +-- json-stringify-safe@5.0.1
58 silly currentTree +-- json3@3.3.2
58 silly currentTree +-- json5@0.4.0
58 silly currentTree +-- jsonfile@2.4.0
58 silly currentTree +-- jsonify@0.0.0
58 silly currentTree +-- jsprim@1.4.1
58 silly currentTree | `-- assert-plus@1.0.0
58 silly currentTree +-- kind-of@3.2.2
58 silly currentTree +-- klaw@1.3.1
58 silly currentTree +-- lazy-cache@1.0.4
58 silly currentTree +-- lcid@1.0.0
58 silly currentTree +-- left-pad@1.1.3
58 silly currentTree +-- load-json-file@1.1.0
58 silly currentTree +-- lodash._baseassign@3.2.0
58 silly currentTree +-- lodash._basecopy@3.0.1
58 silly currentTree +-- lodash._basecreate@3.0.3
58 silly currentTree +-- lodash._basetostring@3.0.1
58 silly currentTree +-- lodash._basevalues@3.0.0
58 silly currentTree +-- lodash._getnative@3.9.1
58 silly currentTree +-- lodash._isiterateecall@3.0.9
58 silly currentTree +-- lodash._reescape@3.0.0
58 silly currentTree +-- lodash._reevaluate@3.0.0
58 silly currentTree +-- lodash._reinterpolate@3.0.0
58 silly currentTree +-- lodash._root@3.0.1
58 silly currentTree +-- lodash.create@3.1.1
58 silly currentTree +-- lodash.escape@3.2.0
58 silly currentTree +-- lodash.isarguments@3.1.0
58 silly currentTree +-- lodash.isarray@3.0.4
58 silly currentTree +-- lodash.keys@3.1.2
58 silly currentTree +-- lodash.pad@4.5.1
58 silly currentTree +-- lodash.padend@4.6.1
58 silly currentTree +-- lodash.padstart@4.6.1
58 silly currentTree +-- lodash.restparam@3.6.1
58 silly currentTree +-- lodash.template@3.6.2
58 silly currentTree +-- lodash.templatesettings@3.1.1
58 silly currentTree +-- lodash@4.17.4
58 silly currentTree +-- longest@1.0.1
58 silly currentTree +-- loose-envify@1.3.1
58 silly currentTree +-- lru-cache@4.1.1
58 silly currentTree +-- makeerror@1.0.11
58 silly currentTree +-- media-typer@0.3.0
58 silly currentTree +-- merge-stream@1.0.1
58 silly currentTree +-- merge@1.2.0
58 silly currentTree +-- method-override@2.3.9
58 silly currentTree | `-- vary@1.1.1
58 silly currentTree +-- methods@1.1.2
58 silly currentTree +-- micromatch@2.3.11
58 silly currentTree +-- mime-db@1.30.0
58 silly currentTree +-- mime-types@2.1.11
58 silly currentTree | `-- mime-db@1.23.0
58 silly currentTree +-- mime@1.4.0
58 silly currentTree +-- min-document@2.19.0
58 silly currentTree +-- minimatch@3.0.4
58 silly currentTree +-- minimist@1.2.0
58 silly currentTree +-- mkdirp@0.5.1
58 silly currentTree | `-- minimist@0.0.8
58 silly currentTree +-- mocha@3.5.3
58 silly currentTree | +-- commander@2.9.0
58 silly currentTree | +-- glob@7.1.1
58 silly currentTree | `-- supports-color@3.1.2
58 silly currentTree +-- moment@2.18.1
58 silly currentTree +-- morgan@1.6.1
58 silly currentTree | +-- debug@2.2.0
58 silly currentTree | `-- ms@0.7.1
58 silly currentTree +-- ms@2.0.0
58 silly currentTree +-- multiparty@3.3.2
58 silly currentTree | +-- isarray@0.0.1
58 silly currentTree | +-- readable-stream@1.1.14
58 silly currentTree | `-- string_decoder@0.10.31
58 silly currentTree +-- multipipe@0.1.2
58 silly currentTree +-- mute-stream@0.0.5
58 silly currentTree +-- negotiator@0.5.3
58 silly currentTree +-- node-fetch@1.7.3
58 silly currentTree +-- node-int64@0.4.0
58 silly currentTree +-- normalize-package-data@2.4.0
58 silly currentTree +-- normalize-path@2.1.1
58 silly currentTree +-- npmlog@2.0.4
58 silly currentTree +-- number-is-nan@1.0.1
58 silly currentTree +-- oauth-sign@0.8.2
58 silly currentTree +-- object-assign@4.1.1
58 silly currentTree +-- object.omit@2.0.1
58 silly currentTree +-- on-finished@2.3.0
58 silly currentTree +-- on-headers@1.0.1
58 silly currentTree +-- once@1.4.0
58 silly currentTree +-- onetime@1.1.0
58 silly currentTree +-- opn@3.0.3
58 silly currentTree +-- optimist@0.6.1
58 silly currentTree | +-- minimist@0.0.10
58 silly currentTree | `-- wordwrap@0.0.3
58 silly currentTree +-- options@0.0.6
58 silly currentTree +-- os-homedir@1.0.2
58 silly currentTree +-- os-locale@1.4.0
58 silly currentTree +-- os-tmpdir@1.0.2
58 silly currentTree +-- parse-glob@3.0.4
58 silly currentTree +-- parse-json@2.2.0
58 silly currentTree +-- parseurl@1.3.2
58 silly currentTree +-- path-exists@2.1.0
58 silly currentTree +-- path-is-absolute@1.0.1
58 silly currentTree +-- path-type@1.1.0
58 silly currentTree +-- pause@0.1.0
58 silly currentTree +-- pegjs@0.10.0
58 silly currentTree +-- performance-now@0.2.0
58 silly currentTree +-- pify@2.3.0
58 silly currentTree +-- pinkie-promise@2.0.1
58 silly currentTree +-- pinkie@2.0.4
58 silly currentTree +-- plist@1.2.0
58 silly currentTree | `-- base64-js@0.0.8
58 silly currentTree +-- preserve@0.2.0
58 silly currentTree +-- pretty-format@4.3.1
58 silly currentTree +-- private@0.1.7
58 silly currentTree +-- process-nextick-args@1.0.7
58 silly currentTree +-- process@0.5.2
58 silly currentTree +-- promise@7.3.1
58 silly currentTree +-- prop-types@15.5.10
58 silly currentTree +-- prr@0.0.0
58 silly currentTree +-- pseudomap@1.0.2
58 silly currentTree +-- punycode@1.4.1
58 silly currentTree +-- qs@4.0.0
58 silly currentTree +-- random-bytes@1.0.0
58 silly currentTree +-- randomatic@1.1.7
58 silly currentTree | +-- is-number@3.0.0
58 silly currentTree | | `-- kind-of@3.2.2
58 silly currentTree | `-- kind-of@4.0.0
58 silly currentTree +-- range-parser@1.0.3
58 silly currentTree +-- raw-body@2.1.7
58 silly currentTree | +-- bytes@2.4.0
58 silly currentTree | `-- iconv-lite@0.4.13
58 silly currentTree +-- react-clone-referenced-element@1.0.1
58 silly currentTree +-- react-deep-force-update@1.1.1
58 silly currentTree +-- react-devtools-core@2.5.1
58 silly currentTree | +-- safe-buffer@5.0.1
58 silly currentTree | `-- ws@2.3.1
58 silly currentTree +-- react-native-animatable@1.2.3
58 silly currentTree +-- react-native-navigation@1.1.227
58 silly currentTree +-- react-native-tab-view@0.0.69
58 silly currentTree +-- react-native@0.45.1
58 silly currentTree | +-- core-js@2.5.1
58 silly currentTree | +-- fbjs@0.8.12
58 silly currentTree | | `-- core-js@1.2.7
58 silly currentTree | `-- whatwg-fetch@1.1.1
58 silly currentTree +-- react-proxy@1.1.8
58 silly currentTree +-- react-timer-mixin@0.13.3
58 silly currentTree +-- react-transform-hmr@1.0.4
58 silly currentTree +-- react@16.0.0-alpha.12
58 silly currentTree +-- read-pkg-up@1.0.1
58 silly currentTree +-- read-pkg@1.1.0
58 silly currentTree +-- readable-stream@2.3.3
58 silly currentTree +-- readline2@1.0.1
58 silly currentTree +-- rebound@0.0.13
58 silly currentTree +-- regenerate@1.3.2
58 silly currentTree +-- regenerator-runtime@0.9.6
58 silly currentTree +-- regenerator-transform@0.10.1
58 silly currentTree +-- regex-cache@0.4.4
58 silly currentTree +-- regexpu-core@2.0.0
58 silly currentTree +-- regjsgen@0.2.0
58 silly currentTree +-- regjsparser@0.1.5
58 silly currentTree | `-- jsesc@0.5.0
58 silly currentTree +-- remove-trailing-separator@1.1.0
58 silly currentTree +-- repeat-element@1.1.2
58 silly currentTree +-- repeat-string@1.6.1
58 silly currentTree +-- repeating@2.0.1
58 silly currentTree +-- replace-ext@0.0.1
58 silly currentTree +-- request@2.81.0
58 silly currentTree | +-- form-data@2.1.4
58 silly currentTree | | `-- mime-types@2.1.17
58 silly currentTree | `-- qs@6.4.0
58 silly currentTree +-- require-directory@2.1.1
58 silly currentTree +-- require-main-filename@1.0.1
58 silly currentTree +-- response-time@2.3.2
58 silly currentTree | `-- depd@1.1.1
58 silly currentTree +-- restore-cursor@1.0.1
58 silly currentTree +-- right-align@0.1.3
58 silly currentTree +-- rimraf@2.6.2
58 silly currentTree +-- rndm@1.2.0
58 silly currentTree +-- run-async@0.1.0
58 silly currentTree +-- rx-lite@3.1.2
58 silly currentTree +-- safe-buffer@5.1.1
58 silly currentTree +-- sane@1.4.1
58 silly currentTree | +-- bser@1.0.2
58 silly currentTree | `-- fb-watchman@1.9.2
58 silly currentTree +-- sax@1.1.6
58 silly currentTree +-- semver@5.4.1
58 silly currentTree +-- send@0.13.2
58 silly currentTree | +-- debug@2.2.0
58 silly currentTree | +-- depd@1.1.1
58 silly currentTree | +-- mime@1.3.4
58 silly currentTree | +-- ms@0.7.1
58 silly currentTree | `-- statuses@1.2.1
58 silly currentTree +-- serve-favicon@2.3.2
58 silly currentTree | `-- ms@0.7.2
58 silly currentTree +-- serve-index@1.7.3
58 silly currentTree | +-- debug@2.2.0
58 silly currentTree | `-- ms@0.7.1
58 silly currentTree +-- serve-static@1.10.3
58 silly currentTree +-- set-blocking@2.0.0
58 silly currentTree +-- setimmediate@1.0.5
58 silly currentTree +-- shell-quote@1.6.1
58 silly currentTree +-- simple-plist@0.2.1
58 silly currentTree | +-- base64-js@1.1.2
58 silly currentTree | +-- plist@2.0.1
58 silly currentTree | `-- xmlbuilder@8.2.2
58 silly currentTree +-- slash@1.0.0
58 silly currentTree +-- slide@1.1.6
58 silly currentTree +-- sntp@1.0.9
58 silly currentTree +-- source-map-support@0.4.18
58 silly currentTree +-- source-map@0.5.7
58 silly currentTree +-- sparkles@1.0.0
58 silly currentTree +-- spdx-correct@1.0.2
58 silly currentTree +-- spdx-expression-parse@1.0.4
58 silly currentTree +-- spdx-license-ids@1.2.2
58 silly currentTree +-- sshpk@1.13.1
58 silly currentTree | `-- assert-plus@1.0.0
58 silly currentTree +-- stacktrace-parser@0.1.4
58 silly currentTree +-- statuses@1.3.1
58 silly currentTree +-- stream-buffers@2.2.0
58 silly currentTree +-- stream-counter@0.2.0
58 silly currentTree | +-- isarray@0.0.1
58 silly currentTree | +-- readable-stream@1.1.14
58 silly currentTree | `-- string_decoder@0.10.31
58 silly currentTree +-- string_decoder@1.0.3
58 silly currentTree +-- string-width@1.0.2
58 silly currentTree +-- stringstream@0.0.5
58 silly currentTree +-- strip-ansi@3.0.1
58 silly currentTree +-- strip-bom@2.0.0
58 silly currentTree +-- supports-color@2.0.0
58 silly currentTree +-- temp@0.8.3
58 silly currentTree | `-- rimraf@2.2.8
58 silly currentTree +-- throat@3.2.0
58 silly currentTree +-- through@2.3.8
58 silly currentTree +-- through2@2.0.3
58 silly currentTree +-- time-stamp@1.1.0
58 silly currentTree +-- tmpl@1.0.4
58 silly currentTree +-- to-fast-properties@1.0.3
58 silly currentTree +-- topo@1.1.0
58 silly currentTree +-- tough-cookie@2.3.2
58 silly currentTree +-- trim-right@1.0.1
58 silly currentTree +-- tsscmp@1.0.5
58 silly currentTree +-- tunnel-agent@0.6.0
58 silly currentTree +-- tweetnacl@0.14.5
58 silly currentTree +-- type-is@1.6.15
58 silly currentTree | `-- mime-types@2.1.17
58 silly currentTree +-- typedarray@0.0.6
58 silly currentTree +-- ua-parser-js@0.7.14
58 silly currentTree +-- uglify-js@2.7.5
58 silly currentTree | +-- async@0.2.10
58 silly currentTree | `-- yargs@3.10.0
58 silly currentTree +-- uglify-to-browserify@1.0.2
58 silly currentTree +-- uid-safe@2.1.4
58 silly currentTree +-- ultron@1.1.0
58 silly currentTree +-- unpipe@1.0.0
58 silly currentTree +-- util-deprecate@1.0.2
58 silly currentTree +-- utils-merge@1.0.0
58 silly currentTree +-- uuid@3.1.0
58 silly currentTree +-- validate-npm-package-license@3.0.1
58 silly currentTree +-- vary@1.0.1
58 silly currentTree +-- verror@1.10.0
58 silly currentTree | `-- assert-plus@1.0.0
58 silly currentTree +-- vhost@3.0.2
58 silly currentTree +-- vinyl@0.5.3
58 silly currentTree +-- walker@1.0.7
58 silly currentTree +-- watch@0.10.0
58 silly currentTree +-- whatwg-fetch@2.0.3
58 silly currentTree +-- which-module@1.0.0
58 silly currentTree +-- which@1.3.0
58 silly currentTree +-- window-size@0.1.0
58 silly currentTree +-- wordwrap@1.0.0
58 silly currentTree +-- worker-farm@1.5.0
58 silly currentTree +-- wrap-ansi@2.1.0
58 silly currentTree +-- wrappy@1.0.2
58 silly currentTree +-- write-file-atomic@1.3.4
58 silly currentTree +-- ws@1.1.4
58 silly currentTree | `-- ultron@1.0.2
58 silly currentTree +-- xcode@0.9.3
58 silly currentTree | `-- uuid@3.0.1
58 silly currentTree +-- xmlbuilder@4.0.0
58 silly currentTree | `-- lodash@3.10.1
58 silly currentTree +-- xmldoc@0.4.0
58 silly currentTree +-- xmldom@0.1.27
58 silly currentTree +-- xpipe@1.0.5
58 silly currentTree +-- xtend@4.0.1
58 silly currentTree +-- y18n@3.2.1
58 silly currentTree +-- yallist@2.1.2
58 silly currentTree +-- yargs-parser@4.2.1
58 silly currentTree | `-- camelcase@3.0.0
58 silly currentTree `-- yargs@6.6.0
58 silly currentTree   +-- camelcase@3.0.0
58 silly currentTree   `-- cliui@3.2.0
59 silly idealTree example@0.0.1
59 silly idealTree +-- absolute-path@0.0.0
59 silly idealTree +-- accepts@1.2.13
59 silly idealTree +-- ajv@4.11.8
59 silly idealTree +-- align-text@0.1.4
59 silly idealTree +-- ansi-escapes@1.4.0
59 silly idealTree +-- ansi-regex@2.1.1
59 silly idealTree +-- ansi-styles@2.2.1
59 silly idealTree +-- ansi@0.3.1
59 silly idealTree +-- anymatch@1.3.2
59 silly idealTree +-- aproba@1.1.2
59 silly idealTree +-- are-we-there-yet@1.1.4
59 silly idealTree +-- arr-diff@2.0.0
59 silly idealTree +-- arr-flatten@1.1.0
59 silly idealTree +-- array-differ@1.0.0
59 silly idealTree +-- array-filter@0.0.1
59 silly idealTree +-- array-map@0.0.0
59 silly idealTree +-- array-reduce@0.0.0
59 silly idealTree +-- array-uniq@1.0.3
59 silly idealTree +-- array-unique@0.2.1
59 silly idealTree +-- art@0.10.1
59 silly idealTree +-- asap@2.0.6
59 silly idealTree +-- asn1@0.2.3
59 silly idealTree +-- assert-plus@0.2.0
59 silly idealTree +-- async@2.5.0
59 silly idealTree +-- asynckit@0.4.0
59 silly idealTree +-- aws-sign2@0.6.0
59 silly idealTree +-- aws4@1.6.0
59 silly idealTree +-- babel-code-frame@6.26.0
59 silly idealTree +-- babel-core@6.26.0
59 silly idealTree | `-- json5@0.5.1
59 silly idealTree +-- babel-generator@6.26.0
59 silly idealTree +-- babel-helper-builder-react-jsx@6.26.0
59 silly idealTree +-- babel-helper-call-delegate@6.24.1
59 silly idealTree +-- babel-helper-define-map@6.26.0
59 silly idealTree +-- babel-helper-function-name@6.24.1
59 silly idealTree +-- babel-helper-get-function-arity@6.24.1
59 silly idealTree +-- babel-helper-hoist-variables@6.24.1
59 silly idealTree +-- babel-helper-optimise-call-expression@6.24.1
59 silly idealTree +-- babel-helper-regex@6.26.0
59 silly idealTree +-- babel-helper-remap-async-to-generator@6.24.1
59 silly idealTree +-- babel-helper-replace-supers@6.24.1
59 silly idealTree +-- babel-helpers@6.24.1
59 silly idealTree +-- babel-messages@6.23.0
59 silly idealTree +-- babel-plugin-check-es2015-constants@6.22.0
59 silly idealTree +-- babel-plugin-external-helpers@6.22.0
59 silly idealTree +-- babel-plugin-react-transform@2.0.2
59 silly idealTree +-- babel-plugin-syntax-async-functions@6.13.0
59 silly idealTree +-- babel-plugin-syntax-class-properties@6.13.0
59 silly idealTree +-- babel-plugin-syntax-flow@6.18.0
59 silly idealTree +-- babel-plugin-syntax-jsx@6.18.0
59 silly idealTree +-- babel-plugin-syntax-object-rest-spread@6.13.0
59 silly idealTree +-- babel-plugin-syntax-trailing-function-commas@6.22.0
59 silly idealTree +-- babel-plugin-transform-async-to-generator@6.16.0
59 silly idealTree +-- babel-plugin-transform-class-properties@6.24.1
59 silly idealTree +-- babel-plugin-transform-es2015-arrow-functions@6.22.0
59 silly idealTree +-- babel-plugin-transform-es2015-block-scoped-functions@6.22.0
59 silly idealTree +-- babel-plugin-transform-es2015-block-scoping@6.26.0
59 silly idealTree +-- babel-plugin-transform-es2015-classes@6.24.1
59 silly idealTree +-- babel-plugin-transform-es2015-computed-properties@6.24.1
59 silly idealTree +-- babel-plugin-transform-es2015-destructuring@6.23.0
59 silly idealTree +-- babel-plugin-transform-es2015-for-of@6.23.0
59 silly idealTree +-- babel-plugin-transform-es2015-function-name@6.24.1
59 silly idealTree +-- babel-plugin-transform-es2015-literals@6.22.0
59 silly idealTree +-- babel-plugin-transform-es2015-modules-commonjs@6.26.0
59 silly idealTree +-- babel-plugin-transform-es2015-object-super@6.24.1
59 silly idealTree +-- babel-plugin-transform-es2015-parameters@6.24.1
59 silly idealTree +-- babel-plugin-transform-es2015-shorthand-properties@6.24.1
59 silly idealTree +-- babel-plugin-transform-es2015-spread@6.22.0
59 silly idealTree +-- babel-plugin-transform-es2015-sticky-regex@6.24.1
59 silly idealTree +-- babel-plugin-transform-es2015-template-literals@6.22.0
59 silly idealTree +-- babel-plugin-transform-es2015-unicode-regex@6.24.1
59 silly idealTree +-- babel-plugin-transform-es3-member-expression-literals@6.22.0
59 silly idealTree +-- babel-plugin-transform-es3-property-literals@6.22.0
59 silly idealTree +-- babel-plugin-transform-flow-strip-types@6.22.0
59 silly idealTree +-- babel-plugin-transform-object-assign@6.22.0
59 silly idealTree +-- babel-plugin-transform-object-rest-spread@6.26.0
59 silly idealTree +-- babel-plugin-transform-react-display-name@6.25.0
59 silly idealTree +-- babel-plugin-transform-react-jsx-source@6.22.0
59 silly idealTree +-- babel-plugin-transform-react-jsx@6.24.1
59 silly idealTree +-- babel-plugin-transform-regenerator@6.26.0
59 silly idealTree +-- babel-plugin-transform-strict-mode@6.24.1
59 silly idealTree +-- babel-polyfill@6.26.0
59 silly idealTree | +-- core-js@2.5.1
59 silly idealTree | `-- regenerator-runtime@0.10.5
59 silly idealTree +-- babel-preset-es2015-node@6.1.1
59 silly idealTree +-- babel-preset-fbjs@2.1.4
59 silly idealTree +-- babel-preset-react-native@1.9.2
59 silly idealTree +-- babel-register@6.26.0
59 silly idealTree | `-- core-js@2.5.1
59 silly idealTree +-- babel-runtime@6.26.0
59 silly idealTree | +-- core-js@2.5.1
59 silly idealTree | `-- regenerator-runtime@0.11.0
59 silly idealTree +-- babel-template@6.26.0
59 silly idealTree +-- babel-traverse@6.26.0
59 silly idealTree +-- babel-types@6.26.0
59 silly idealTree +-- babylon@6.18.0
59 silly idealTree +-- balanced-match@1.0.0
59 silly idealTree +-- base64-js@1.2.1
59 silly idealTree +-- base64-url@1.2.1
59 silly idealTree +-- basic-auth-connect@1.0.0
59 silly idealTree +-- basic-auth@1.0.4
59 silly idealTree +-- batch@0.5.3
59 silly idealTree +-- bcrypt-pbkdf@1.0.1
59 silly idealTree +-- beeper@1.1.1
59 silly idealTree +-- big-integer@1.6.25
59 silly idealTree +-- body-parser@1.13.3
59 silly idealTree | +-- debug@2.2.0
59 silly idealTree | +-- iconv-lite@0.4.11
59 silly idealTree | `-- ms@0.7.1
59 silly idealTree +-- boom@2.10.1
59 silly idealTree +-- bplist-creator@0.0.7
59 silly idealTree +-- bplist-parser@0.1.1
59 silly idealTree +-- brace-expansion@1.1.8
59 silly idealTree +-- braces@1.8.5
59 silly idealTree +-- browser-stdout@1.3.0
59 silly idealTree +-- bser@1.0.3
59 silly idealTree +-- builtin-modules@1.1.1
59 silly idealTree +-- bytes@2.1.0
59 silly idealTree +-- camelcase@1.2.1
59 silly idealTree +-- caseless@0.12.0
59 silly idealTree +-- center-align@0.1.3
59 silly idealTree +-- chalk@1.1.3
59 silly idealTree +-- cli-cursor@1.0.2
59 silly idealTree +-- cli-width@2.2.0
59 silly idealTree +-- cliui@2.1.0
59 silly idealTree | `-- wordwrap@0.0.2
59 silly idealTree +-- clone-stats@0.0.1
59 silly idealTree +-- clone@1.0.2
59 silly idealTree +-- co@4.6.0
59 silly idealTree +-- code-point-at@1.1.0
59 silly idealTree +-- combined-stream@1.0.5
59 silly idealTree +-- commander@2.11.0
59 silly idealTree +-- compressible@2.0.11
59 silly idealTree +-- compression@1.5.2
59 silly idealTree | +-- debug@2.2.0
59 silly idealTree | `-- ms@0.7.1
59 silly idealTree +-- concat-map@0.0.1
59 silly idealTree +-- concat-stream@1.6.0
59 silly idealTree +-- connect-timeout@1.6.2
59 silly idealTree | +-- debug@2.2.0
59 silly idealTree | `-- ms@0.7.1
59 silly idealTree +-- connect@2.30.2
59 silly idealTree | +-- debug@2.2.0
59 silly idealTree | `-- ms@0.7.1
59 silly idealTree +-- content-type@1.0.4
59 silly idealTree +-- convert-source-map@1.5.0
59 silly idealTree +-- cookie-parser@1.3.5
59 silly idealTree +-- cookie-signature@1.0.6
59 silly idealTree +-- cookie@0.1.3
59 silly idealTree +-- core-js@1.2.7
59 silly idealTree +-- core-util-is@1.0.2
59 silly idealTree +-- crc@3.3.0
59 silly idealTree +-- create-react-class@15.6.0
59 silly idealTree +-- cross-spawn@3.0.1
59 silly idealTree +-- cryptiles@2.0.5
59 silly idealTree +-- csrf@3.0.6
59 silly idealTree +-- csurf@1.8.3
59 silly idealTree +-- dashdash@1.14.1
59 silly idealTree | `-- assert-plus@1.0.0
59 silly idealTree +-- dateformat@2.0.0
59 silly idealTree +-- debug@2.6.8
59 silly idealTree +-- decamelize@1.2.0
59 silly idealTree +-- delayed-stream@1.0.0
59 silly idealTree +-- delegates@1.0.0
59 silly idealTree +-- denodeify@1.2.1
59 silly idealTree +-- depd@1.0.1
59 silly idealTree +-- destroy@1.0.4
59 silly idealTree +-- detect-indent@4.0.0
59 silly idealTree +-- diff@3.2.0
59 silly idealTree +-- dom-walk@0.1.1
59 silly idealTree +-- duplexer2@0.0.2
59 silly idealTree | +-- isarray@0.0.1
59 silly idealTree | +-- readable-stream@1.1.14
59 silly idealTree | `-- string_decoder@0.10.31
59 silly idealTree +-- ecc-jsbn@0.1.1
59 silly idealTree +-- ee-first@1.1.1
59 silly idealTree +-- encoding@0.1.12
59 silly idealTree +-- errno@0.1.4
59 silly idealTree +-- error-ex@1.3.1
59 silly idealTree +-- errorhandler@1.4.3
59 silly idealTree | +-- accepts@1.3.4
59 silly idealTree | +-- mime-types@2.1.17
59 silly idealTree | `-- negotiator@0.6.1
59 silly idealTree +-- escape-html@1.0.3
59 silly idealTree +-- escape-string-regexp@1.0.5
59 silly idealTree +-- esutils@2.0.2
59 silly idealTree +-- etag@1.7.0
59 silly idealTree +-- event-target-shim@1.1.1
59 silly idealTree +-- exec-sh@0.2.1
59 silly idealTree +-- exit-hook@1.1.1
59 silly idealTree +-- expand-brackets@0.1.5
59 silly idealTree +-- expand-range@1.8.2
59 silly idealTree +-- express-session@1.11.3
59 silly idealTree | +-- debug@2.2.0
59 silly idealTree | +-- ms@0.7.1
59 silly idealTree | `-- uid-safe@2.0.0
59 silly idealTree +-- extend@3.0.1
59 silly idealTree +-- extglob@0.3.2
59 silly idealTree +-- extsprintf@1.3.0
59 silly idealTree +-- fancy-log@1.3.0
59 silly idealTree +-- fb-watchman@2.0.0
59 silly idealTree | `-- bser@2.0.0
59 silly idealTree +-- fbjs-scripts@0.7.1
59 silly idealTree | `-- babel-preset-fbjs@1.0.0
59 silly idealTree +-- fbjs@0.8.15
59 silly idealTree +-- figures@1.7.0
59 silly idealTree +-- filename-regex@2.0.1
59 silly idealTree +-- fill-range@2.2.3
59 silly idealTree +-- finalhandler@0.4.0
59 silly idealTree | +-- debug@2.2.0
59 silly idealTree | +-- escape-html@1.0.2
59 silly idealTree | `-- ms@0.7.1
59 silly idealTree +-- find-up@1.1.2
59 silly idealTree +-- for-in@1.0.2
59 silly idealTree +-- for-own@0.1.5
59 silly idealTree +-- forever-agent@0.6.1
59 silly idealTree +-- form-data@2.3.1
59 silly idealTree | `-- mime-types@2.1.17
59 silly idealTree +-- fresh@0.3.0
59 silly idealTree +-- fs-extra@1.0.0
59 silly idealTree +-- fs.realpath@1.0.0
59 silly idealTree +-- gauge@1.2.7
59 silly idealTree +-- get-caller-file@1.0.2
59 silly idealTree +-- getpass@0.1.7
59 silly idealTree | `-- assert-plus@1.0.0
59 silly idealTree +-- glob-base@0.3.0
59 silly idealTree +-- glob-parent@2.0.0
59 silly idealTree +-- glob@7.1.2
59 silly idealTree +-- global@4.3.2
59 silly idealTree +-- globals@9.18.0
59 silly idealTree +-- glogg@1.0.0
59 silly idealTree +-- graceful-fs@4.1.11
59 silly idealTree +-- graceful-readlink@1.0.1
59 silly idealTree +-- growl@1.9.2
59 silly idealTree +-- gulp-util@3.0.8
59 silly idealTree | `-- object-assign@3.0.0
59 silly idealTree +-- gulplog@1.0.0
59 silly idealTree +-- har-schema@1.0.5
59 silly idealTree +-- har-validator@4.2.1
59 silly idealTree +-- has-ansi@2.0.0
59 silly idealTree +-- has-flag@1.0.0
59 silly idealTree +-- has-gulplog@0.1.0
59 silly idealTree +-- has-unicode@2.0.1
59 silly idealTree +-- hawk@3.1.3
59 silly idealTree +-- he@1.1.1
59 silly idealTree +-- hoek@2.16.3
59 silly idealTree +-- home-or-tmp@2.0.0
59 silly idealTree +-- hosted-git-info@2.5.0
59 silly idealTree +-- http-errors@1.3.1
59 silly idealTree +-- http-signature@1.1.1
59 silly idealTree +-- iconv-lite@0.4.19
59 silly idealTree +-- image-size@0.3.5
59 silly idealTree +-- imurmurhash@0.1.4
59 silly idealTree +-- inflight@1.0.6
59 silly idealTree +-- inherits@2.0.3
59 silly idealTree +-- inquirer@0.12.0
59 silly idealTree +-- invariant@2.2.2
59 silly idealTree +-- invert-kv@1.0.0
59 silly idealTree +-- is-arrayish@0.2.1
59 silly idealTree +-- is-buffer@1.1.5
59 silly idealTree +-- is-builtin-module@1.0.0
59 silly idealTree +-- is-dotfile@1.0.3
59 silly idealTree +-- is-equal-shallow@0.1.3
59 silly idealTree +-- is-extendable@0.1.1
59 silly idealTree +-- is-extglob@1.0.0
59 silly idealTree +-- is-finite@1.0.2
59 silly idealTree +-- is-fullwidth-code-point@1.0.0
59 silly idealTree +-- is-glob@2.0.1
59 silly idealTree +-- is-number@2.1.0
59 silly idealTree +-- is-posix-bracket@0.1.1
59 silly idealTree +-- is-primitive@2.0.0
59 silly idealTree +-- is-stream@1.1.0
59 silly idealTree +-- is-typedarray@1.0.0
59 silly idealTree +-- is-utf8@0.2.1
59 silly idealTree +-- isarray@1.0.0
59 silly idealTree +-- isemail@1.2.0
59 silly idealTree +-- isexe@2.0.0
59 silly idealTree +-- isobject@2.1.0
59 silly idealTree +-- isomorphic-fetch@2.2.1
59 silly idealTree +-- isstream@0.1.2
59 silly idealTree +-- jest-docblock@20.0.3
59 silly idealTree +-- jest-haste-map@20.0.5
59 silly idealTree | +-- bser@1.0.2
59 silly idealTree | `-- sane@1.6.0
59 silly idealTree |   `-- fb-watchman@1.9.2
59 silly idealTree +-- joi@6.10.1
59 silly idealTree +-- js-tokens@3.0.2
59 silly idealTree +-- jsbn@0.1.1
59 silly idealTree +-- jsesc@1.3.0
59 silly idealTree +-- json-schema@0.2.3
59 silly idealTree +-- json-stable-stringify@1.0.1
59 silly idealTree +-- json-stringify-safe@5.0.1
59 silly idealTree +-- json3@3.3.2
59 silly idealTree +-- json5@0.4.0
59 silly idealTree +-- jsonfile@2.4.0
59 silly idealTree +-- jsonify@0.0.0
59 silly idealTree +-- jsprim@1.4.1
59 silly idealTree | `-- assert-plus@1.0.0
59 silly idealTree +-- kind-of@3.2.2
59 silly idealTree +-- klaw@1.3.1
59 silly idealTree +-- lazy-cache@1.0.4
59 silly idealTree +-- lcid@1.0.0
59 silly idealTree +-- left-pad@1.1.3
59 silly idealTree +-- load-json-file@1.1.0
59 silly idealTree +-- lodash._baseassign@3.2.0
59 silly idealTree +-- lodash._basecopy@3.0.1
59 silly idealTree +-- lodash._basecreate@3.0.3
59 silly idealTree +-- lodash._basetostring@3.0.1
59 silly idealTree +-- lodash._basevalues@3.0.0
59 silly idealTree +-- lodash._getnative@3.9.1
59 silly idealTree +-- lodash._isiterateecall@3.0.9
59 silly idealTree +-- lodash._reescape@3.0.0
59 silly idealTree +-- lodash._reevaluate@3.0.0
59 silly idealTree +-- lodash._reinterpolate@3.0.0
59 silly idealTree +-- lodash._root@3.0.1
59 silly idealTree +-- lodash.create@3.1.1
59 silly idealTree +-- lodash.escape@3.2.0
59 silly idealTree +-- lodash.isarguments@3.1.0
59 silly idealTree +-- lodash.isarray@3.0.4
59 silly idealTree +-- lodash.keys@3.1.2
59 silly idealTree +-- lodash.pad@4.5.1
59 silly idealTree +-- lodash.padend@4.6.1
59 silly idealTree +-- lodash.padstart@4.6.1
59 silly idealTree +-- lodash.restparam@3.6.1
59 silly idealTree +-- lodash.template@3.6.2
59 silly idealTree +-- lodash.templatesettings@3.1.1
59 silly idealTree +-- lodash@4.17.4
59 silly idealTree +-- longest@1.0.1
59 silly idealTree +-- loose-envify@1.3.1
59 silly idealTree +-- lru-cache@4.1.1
59 silly idealTree +-- makeerror@1.0.11
59 silly idealTree +-- media-typer@0.3.0
59 silly idealTree +-- merge-stream@1.0.1
59 silly idealTree +-- merge@1.2.0
59 silly idealTree +-- method-override@2.3.9
59 silly idealTree | `-- vary@1.1.1
59 silly idealTree +-- methods@1.1.2
59 silly idealTree +-- micromatch@2.3.11
59 silly idealTree +-- mime-db@1.30.0
59 silly idealTree +-- mime-types@2.1.11
59 silly idealTree | `-- mime-db@1.23.0
59 silly idealTree +-- mime@1.4.0
59 silly idealTree +-- min-document@2.19.0
59 silly idealTree +-- minimatch@3.0.4
59 silly idealTree +-- minimist@1.2.0
59 silly idealTree +-- mkdirp@0.5.1
59 silly idealTree | `-- minimist@0.0.8
59 silly idealTree +-- mocha@3.5.3
59 silly idealTree | +-- commander@2.9.0
59 silly idealTree | +-- glob@7.1.1
59 silly idealTree | `-- supports-color@3.1.2
59 silly idealTree +-- moment@2.18.1
59 silly idealTree +-- morgan@1.6.1
59 silly idealTree | +-- debug@2.2.0
59 silly idealTree | `-- ms@0.7.1
59 silly idealTree +-- ms@2.0.0
59 silly idealTree +-- multiparty@3.3.2
59 silly idealTree | +-- isarray@0.0.1
59 silly idealTree | +-- readable-stream@1.1.14
59 silly idealTree | `-- string_decoder@0.10.31
59 silly idealTree +-- multipipe@0.1.2
59 silly idealTree +-- mute-stream@0.0.5
59 silly idealTree +-- negotiator@0.5.3
59 silly idealTree +-- node-fetch@1.7.3
59 silly idealTree +-- node-int64@0.4.0
59 silly idealTree +-- normalize-package-data@2.4.0
59 silly idealTree +-- normalize-path@2.1.1
59 silly idealTree +-- npmlog@2.0.4
59 silly idealTree +-- number-is-nan@1.0.1
59 silly idealTree +-- oauth-sign@0.8.2
59 silly idealTree +-- object-assign@4.1.1
59 silly idealTree +-- object.omit@2.0.1
59 silly idealTree +-- on-finished@2.3.0
59 silly idealTree +-- on-headers@1.0.1
59 silly idealTree +-- once@1.4.0
59 silly idealTree +-- onetime@1.1.0
59 silly idealTree +-- opn@3.0.3
59 silly idealTree +-- optimist@0.6.1
59 silly idealTree | +-- minimist@0.0.10
59 silly idealTree | `-- wordwrap@0.0.3
59 silly idealTree +-- options@0.0.6
59 silly idealTree +-- os-homedir@1.0.2
59 silly idealTree +-- os-locale@1.4.0
59 silly idealTree +-- os-tmpdir@1.0.2
59 silly idealTree +-- parse-glob@3.0.4
59 silly idealTree +-- parse-json@2.2.0
59 silly idealTree +-- parseurl@1.3.2
59 silly idealTree +-- path-exists@2.1.0
59 silly idealTree +-- path-is-absolute@1.0.1
59 silly idealTree +-- path-type@1.1.0
59 silly idealTree +-- pause@0.1.0
59 silly idealTree +-- pegjs@0.10.0
59 silly idealTree +-- performance-now@0.2.0
59 silly idealTree +-- pify@2.3.0
59 silly idealTree +-- pinkie-promise@2.0.1
59 silly idealTree +-- pinkie@2.0.4
59 silly idealTree +-- plist@1.2.0
59 silly idealTree | `-- base64-js@0.0.8
59 silly idealTree +-- preserve@0.2.0
59 silly idealTree +-- pretty-format@4.3.1
59 silly idealTree +-- private@0.1.7
59 silly idealTree +-- process-nextick-args@1.0.7
59 silly idealTree +-- process@0.5.2
59 silly idealTree +-- promise@7.3.1
59 silly idealTree +-- prop-types@15.5.10
59 silly idealTree +-- prr@0.0.0
59 silly idealTree +-- pseudomap@1.0.2
59 silly idealTree +-- punycode@1.4.1
59 silly idealTree +-- qs@4.0.0
59 silly idealTree +-- random-bytes@1.0.0
59 silly idealTree +-- randomatic@1.1.7
59 silly idealTree | +-- is-number@3.0.0
59 silly idealTree | | `-- kind-of@3.2.2
59 silly idealTree | `-- kind-of@4.0.0
59 silly idealTree +-- range-parser@1.0.3
59 silly idealTree +-- raw-body@2.1.7
59 silly idealTree | +-- bytes@2.4.0
59 silly idealTree | `-- iconv-lite@0.4.13
59 silly idealTree +-- react-clone-referenced-element@1.0.1
59 silly idealTree +-- react-deep-force-update@1.1.1
59 silly idealTree +-- react-devtools-core@2.5.1
59 silly idealTree | +-- safe-buffer@5.0.1
59 silly idealTree | `-- ws@2.3.1
59 silly idealTree +-- react-native-animatable@1.2.3
59 silly idealTree +-- react-native-navigation@1.1.227
59 silly idealTree +-- react-native-tab-view@0.0.69
59 silly idealTree +-- react-native@0.45.1
59 silly idealTree | +-- core-js@2.5.1
59 silly idealTree | +-- fbjs@0.8.12
59 silly idealTree | | `-- core-js@1.2.7
59 silly idealTree | `-- whatwg-fetch@1.1.1
59 silly idealTree +-- react-proxy@1.1.8
59 silly idealTree +-- react-timer-mixin@0.13.3
59 silly idealTree +-- react-transform-hmr@1.0.4
59 silly idealTree +-- react@16.0.0-alpha.12
59 silly idealTree +-- read-pkg-up@1.0.1
59 silly idealTree +-- read-pkg@1.1.0
59 silly idealTree +-- readable-stream@2.3.3
59 silly idealTree +-- readline2@1.0.1
59 silly idealTree +-- rebound@0.0.13
59 silly idealTree +-- regenerate@1.3.2
59 silly idealTree +-- regenerator-runtime@0.9.6
59 silly idealTree +-- regenerator-transform@0.10.1
59 silly idealTree +-- regex-cache@0.4.4
59 silly idealTree +-- regexpu-core@2.0.0
59 silly idealTree +-- regjsgen@0.2.0
59 silly idealTree +-- regjsparser@0.1.5
59 silly idealTree | `-- jsesc@0.5.0
59 silly idealTree +-- remove-trailing-separator@1.1.0
59 silly idealTree +-- repeat-element@1.1.2
59 silly idealTree +-- repeat-string@1.6.1
59 silly idealTree +-- repeating@2.0.1
59 silly idealTree +-- replace-ext@0.0.1
59 silly idealTree +-- request@2.81.0
59 silly idealTree | +-- form-data@2.1.4
59 silly idealTree | | `-- mime-types@2.1.17
59 silly idealTree | `-- qs@6.4.0
59 silly idealTree +-- require-directory@2.1.1
59 silly idealTree +-- require-main-filename@1.0.1
59 silly idealTree +-- response-time@2.3.2
59 silly idealTree | `-- depd@1.1.1
59 silly idealTree +-- restore-cursor@1.0.1
59 silly idealTree +-- right-align@0.1.3
59 silly idealTree +-- rimraf@2.6.2
59 silly idealTree +-- rndm@1.2.0
59 silly idealTree +-- run-async@0.1.0
59 silly idealTree +-- rx-lite@3.1.2
59 silly idealTree +-- safe-buffer@5.1.1
59 silly idealTree +-- sane@1.4.1
59 silly idealTree | +-- bser@1.0.2
59 silly idealTree | `-- fb-watchman@1.9.2
59 silly idealTree +-- sax@1.1.6
59 silly idealTree +-- semver@5.4.1
59 silly idealTree +-- send@0.13.2
59 silly idealTree | +-- debug@2.2.0
59 silly idealTree | +-- depd@1.1.1
59 silly idealTree | +-- mime@1.3.4
59 silly idealTree | +-- ms@0.7.1
59 silly idealTree | `-- statuses@1.2.1
59 silly idealTree +-- serve-favicon@2.3.2
59 silly idealTree | `-- ms@0.7.2
59 silly idealTree +-- serve-index@1.7.3
59 silly idealTree | +-- debug@2.2.0
59 silly idealTree | `-- ms@0.7.1
59 silly idealTree +-- serve-static@1.10.3
59 silly idealTree +-- set-blocking@2.0.0
59 silly idealTree +-- setimmediate@1.0.5
59 silly idealTree +-- shell-quote@1.6.1
59 silly idealTree +-- simple-plist@0.2.1
59 silly idealTree | +-- base64-js@1.1.2
59 silly idealTree | +-- plist@2.0.1
59 silly idealTree | `-- xmlbuilder@8.2.2
59 silly idealTree +-- slash@1.0.0
59 silly idealTree +-- slide@1.1.6
59 silly idealTree +-- sntp@1.0.9
59 silly idealTree +-- source-map-support@0.4.18
59 silly idealTree +-- source-map@0.5.7
59 silly idealTree +-- sparkles@1.0.0
59 silly idealTree +-- spdx-correct@1.0.2
59 silly idealTree +-- spdx-expression-parse@1.0.4
59 silly idealTree +-- spdx-license-ids@1.2.2
59 silly idealTree +-- sshpk@1.13.1
59 silly idealTree | `-- assert-plus@1.0.0
59 silly idealTree +-- stacktrace-parser@0.1.4
59 silly idealTree +-- statuses@1.3.1
59 silly idealTree +-- stream-buffers@2.2.0
59 silly idealTree +-- stream-counter@0.2.0
59 silly idealTree | +-- isarray@0.0.1
59 silly idealTree | +-- readable-stream@1.1.14
59 silly idealTree | `-- string_decoder@0.10.31
59 silly idealTree +-- string_decoder@1.0.3
59 silly idealTree +-- string-width@1.0.2
59 silly idealTree +-- stringstream@0.0.5
59 silly idealTree +-- strip-ansi@3.0.1
59 silly idealTree +-- strip-bom@2.0.0
59 silly idealTree +-- supports-color@2.0.0
59 silly idealTree +-- temp@0.8.3
59 silly idealTree | `-- rimraf@2.2.8
59 silly idealTree +-- throat@3.2.0
59 silly idealTree +-- through@2.3.8
59 silly idealTree +-- through2@2.0.3
59 silly idealTree +-- time-stamp@1.1.0
59 silly idealTree +-- tmpl@1.0.4
59 silly idealTree +-- to-fast-properties@1.0.3
59 silly idealTree +-- topo@1.1.0
59 silly idealTree +-- tough-cookie@2.3.2
59 silly idealTree +-- trim-right@1.0.1
59 silly idealTree +-- tsscmp@1.0.5
59 silly idealTree +-- tunnel-agent@0.6.0
59 silly idealTree +-- tweetnacl@0.14.5
59 silly idealTree +-- type-is@1.6.15
59 silly idealTree | `-- mime-types@2.1.17
59 silly idealTree +-- typedarray@0.0.6
59 silly idealTree +-- ua-parser-js@0.7.14
59 silly idealTree +-- uglify-js@2.7.5
59 silly idealTree | +-- async@0.2.10
59 silly idealTree | `-- yargs@3.10.0
59 silly idealTree +-- uglify-to-browserify@1.0.2
59 silly idealTree +-- uid-safe@2.1.4
59 silly idealTree +-- ultron@1.1.0
59 silly idealTree +-- unpipe@1.0.0
59 silly idealTree +-- util-deprecate@1.0.2
59 silly idealTree +-- utils-merge@1.0.0
59 silly idealTree +-- uuid@3.1.0
59 silly idealTree +-- validate-npm-package-license@3.0.1
59 silly idealTree +-- vary@1.0.1
59 silly idealTree +-- verror@1.10.0
59 silly idealTree | `-- assert-plus@1.0.0
59 silly idealTree +-- vhost@3.0.2
59 silly idealTree +-- vinyl@0.5.3
59 silly idealTree +-- walker@1.0.7
59 silly idealTree +-- watch@0.10.0
59 silly idealTree +-- whatwg-fetch@2.0.3
59 silly idealTree +-- which-module@1.0.0
59 silly idealTree +-- which@1.3.0
59 silly idealTree +-- window-size@0.1.0
59 silly idealTree +-- wordwrap@1.0.0
59 silly idealTree +-- worker-farm@1.5.0
59 silly idealTree +-- wrap-ansi@2.1.0
59 silly idealTree +-- wrappy@1.0.2
59 silly idealTree +-- write-file-atomic@1.3.4
59 silly idealTree +-- ws@1.1.4
59 silly idealTree | `-- ultron@1.0.2
59 silly idealTree +-- xcode@0.9.3
59 silly idealTree | `-- uuid@3.0.1
59 silly idealTree +-- xmlbuilder@4.0.0
59 silly idealTree | `-- lodash@3.10.1
59 silly idealTree +-- xmldoc@0.4.0
59 silly idealTree +-- xmldom@0.1.27
59 silly idealTree +-- xpipe@1.0.5
59 silly idealTree +-- xtend@4.0.1
59 silly idealTree +-- y18n@3.2.1
59 silly idealTree +-- yallist@2.1.2
59 silly idealTree +-- yargs-parser@4.2.1
59 silly idealTree | `-- camelcase@3.0.0
59 silly idealTree `-- yargs@6.6.0
59 silly idealTree   +-- camelcase@3.0.0
59 silly idealTree   `-- cliui@3.2.0
60 silly generateActionsToTake Starting
61 silly install generateActionsToTake
62 silly generateActionsToTake Finishing
63 silly diffTrees action count 1
64 silly diffTrees update react-native-tab-view@0.0.69
65 silly decomposeActions action count 9
66 silly decomposeActions remove react-native-tab-view@0.0.69
67 silly decomposeActions fetch react-native-tab-view@0.0.69
68 silly decomposeActions extract react-native-tab-view@0.0.69
69 silly decomposeActions test react-native-tab-view@0.0.69
70 silly decomposeActions preinstall react-native-tab-view@0.0.69
71 silly decomposeActions build react-native-tab-view@0.0.69
72 silly decomposeActions install react-native-tab-view@0.0.69
73 silly decomposeActions postinstall react-native-tab-view@0.0.69
74 silly decomposeActions finalize react-native-tab-view@0.0.69
75 silly runTopLevelLifecycles Starting
76 silly executeActions Starting
77 silly install executeActions
78 silly doSerial global-install 0
79 silly doParallel fetch 1
80 verbose correctMkdir C:\Users\nima\AppData\Roaming\npm-cache\_locks correctMkdir not in flight; initializing
81 verbose lock using C:\Users\nima\AppData\Roaming\npm-cache\_locks\staging-e7f73d5ff40fed39.lock for E:\projects\superMan\example\node_modules\.staging
82 silly doParallel extract 1
83 silly extract react-native-tab-view@0.0.69
84 verbose unbuild node_modules\.staging\react-native-tab-view-0e389d77
85 silly gentlyRm E:\projects\superMan\example\node_modules\.staging\react-native-tab-view-0e389d77 is being purged from base E:\projects\superMan\example
86 verbose gentlyRm don't care about contents; nuking E:\projects\superMan\example\node_modules\.staging\react-native-tab-view-0e389d77
87 verbose tar unpack C:\Users\nima\AppData\Roaming\npm-cache\react-native-tab-view\0.0.69\package.tgz
88 verbose tar unpacking to E:\projects\superMan\example\node_modules\.staging\react-native-tab-view-0e389d77
89 silly gentlyRm E:\projects\superMan\example\node_modules\.staging\react-native-tab-view-0e389d77 is being purged
90 verbose gentlyRm don't care about contents; nuking E:\projects\superMan\example\node_modules\.staging\react-native-tab-view-0e389d77
91 silly gunzTarPerm modes [ '777', '666' ]
92 silly gunzTarPerm extractEntry package.json
93 silly gunzTarPerm modified mode [ 'package.json', 420, 438 ]
94 silly gunzTarPerm extractEntry README.md
95 silly gunzTarPerm modified mode [ 'README.md', 420, 438 ]
96 silly gunzTarPerm extractEntry LICENSE.md
97 silly gunzTarPerm modified mode [ 'LICENSE.md', 420, 438 ]
98 silly gunzTarPerm extractEntry src/SceneMap.js
99 silly gunzTarPerm modified mode [ 'src/SceneMap.js', 420, 438 ]
100 silly gunzTarPerm extractEntry src/TabBar.js
101 silly gunzTarPerm modified mode [ 'src/TabBar.js', 420, 438 ]
102 silly gunzTarPerm extractEntry src/TabViewAnimated.js
103 silly gunzTarPerm modified mode [ 'src/TabViewAnimated.js', 420, 438 ]
104 silly gunzTarPerm extractEntry src/TabViewPagerAndroid.js
105 silly gunzTarPerm modified mode [ 'src/TabViewPagerAndroid.js', 420, 438 ]
106 silly gunzTarPerm extractEntry src/TabViewPagerPan.js
107 silly gunzTarPerm modified mode [ 'src/TabViewPagerPan.js', 420, 438 ]
108 silly gunzTarPerm extractEntry src/TabViewPagerScroll.js
109 silly gunzTarPerm modified mode [ 'src/TabViewPagerScroll.js', 420, 438 ]
110 silly gunzTarPerm extractEntry src/TabViewPropTypes.js
111 silly gunzTarPerm modified mode [ 'src/TabViewPropTypes.js', 420, 438 ]
112 silly gunzTarPerm extractEntry src/TabViewTypeDefinitions.js
113 silly gunzTarPerm modified mode [ 'src/TabViewTypeDefinitions.js', 420, 438 ]
114 silly gunzTarPerm extractEntry src/TouchableItem.js
115 silly gunzTarPerm modified mode [ 'src/TouchableItem.js', 420, 438 ]
116 silly gunzTarPerm extractEntry src/index.js
117 silly gunzTarPerm modified mode [ 'src/index.js', 420, 438 ]
118 silly gentlyRm E:\projects\superMan\example\node_modules\.staging\react-native-tab-view-0e389d77\node_modules is being purged
119 verbose gentlyRm don't care about contents; nuking E:\projects\superMan\example\node_modules\.staging\react-native-tab-view-0e389d77\node_modules
120 silly doParallel preinstall 1
121 silly preinstall react-native-tab-view@0.0.69 E:\projects\superMan\example\node_modules\.staging\react-native-tab-view-0e389d77
122 info lifecycle react-native-tab-view@0.0.69~preinstall: react-native-tab-view@0.0.69
123 silly lifecycle react-native-tab-view@0.0.69~preinstall: no script for preinstall, continuing
124 silly doReverseSerial remove 1
125 silly remove E:\projects\superMan\example\node_modules\react-native-tab-view
126 verbose unbuild node_modules\react-native-tab-view
127 info lifecycle react-native-tab-view@0.0.69~preuninstall: react-native-tab-view@0.0.69
128 silly lifecycle react-native-tab-view@0.0.69~preuninstall: no script for preuninstall, continuing
129 info lifecycle react-native-tab-view@0.0.69~uninstall: react-native-tab-view@0.0.69
130 silly lifecycle react-native-tab-view@0.0.69~uninstall: no script for uninstall, continuing
131 verbose unbuild rmStuff react-native-tab-view@0.0.69 from E:\projects\superMan\example\node_modules
132 info lifecycle react-native-tab-view@0.0.69~postuninstall: react-native-tab-view@0.0.69
133 silly lifecycle react-native-tab-view@0.0.69~postuninstall: no script for postuninstall, continuing
134 silly gentlyRm E:\projects\superMan\example\node_modules\react-native-tab-view is being purged from base E:\projects\superMan\example
135 verbose gentlyRm don't care about contents; nuking E:\projects\superMan\example\node_modules\react-native-tab-view
136 silly vacuum-fs purging E:\projects\superMan\example\node_modules\react-native-tab-view
137 silly vacuum-fs quitting because other entries in E:\projects\superMan\example\node_modules
138 silly doSerial move 0
139 silly doSerial finalize 1
140 silly finalize E:\projects\superMan\example\node_modules\react-native-tab-view
141 verbose unlock done using C:\Users\nima\AppData\Roaming\npm-cache\_locks\staging-e7f73d5ff40fed39.lock for E:\projects\superMan\example\node_modules\.staging
142 silly rollbackFailedOptional Starting
143 silly rollbackFailedOptional Finishing
144 silly runTopLevelLifecycles Finishing
145 silly install printInstalled
146 verbose stack Error: EPERM: operation not permitted, rename 'E:\projects\superMan\example\node_modules\.staging\react-native-tab-view-0e389d77' -> 'E:\projects\superMan\example\node_modules\react-native-tab-view'
146 verbose stack     at destStatted (E:\Program Files\nodejs\node_modules\npm\lib\install\action\finalize.js:25:7)
146 verbose stack     at E:\Program Files\nodejs\node_modules\npm\node_modules\graceful-fs\polyfills.js:264:29
146 verbose stack     at FSReqWrap.oncomplete (fs.js:123:15)
146 verbose stack
146 verbose stack Error: EPERM: operation not permitted, rename 'E:\projects\superMan\example\node_modules\.staging\react-native-tab-view-0e389d77' -> 'E:\projects\superMan\example\node_modules\react-native-tab-view'
146 verbose stack     at Error (native)
147 verbose cwd E:\projects\superMan\example
148 error Windows_NT 10.0.15063
149 error argv "E:\\Program Files\\nodejs\\node.exe" "E:\\Program Files\\nodejs\\node_modules\\npm\\bin\\npm-cli.js" "install" "react-native-tab-view" "--save"
150 error node v6.11.2
151 error npm  v3.10.10
152 error path E:\projects\superMan\example\node_modules\.staging\react-native-tab-view-0e389d77
153 error code EPERM
154 error errno -4048
155 error syscall rename
156 error Error: EPERM: operation not permitted, rename 'E:\projects\superMan\example\node_modules\.staging\react-native-tab-view-0e389d77' -> 'E:\projects\superMan\example\node_modules\react-native-tab-view'
156 error     at destStatted (E:\Program Files\nodejs\node_modules\npm\lib\install\action\finalize.js:25:7)
156 error     at E:\Program Files\nodejs\node_modules\npm\node_modules\graceful-fs\polyfills.js:264:29
156 error     at FSReqWrap.oncomplete (fs.js:123:15)
156 error
156 error Error: EPERM: operation not permitted, rename 'E:\projects\superMan\example\node_modules\.staging\react-native-tab-view-0e389d77' -> 'E:\projects\superMan\example\node_modules\react-native-tab-view'
156 error     at Error (native)
156 error  { Error: EPERM: operation not permitted, rename 'E:\projects\superMan\example\node_modules\.staging\react-native-tab-view-0e389d77' -> 'E:\projects\superMan\example\node_modules\react-native-tab-view'
156 error     at destStatted (E:\Program Files\nodejs\node_modules\npm\lib\install\action\finalize.js:25:7)
156 error     at E:\Program Files\nodejs\node_modules\npm\node_modules\graceful-fs\polyfills.js:264:29
156 error     at FSReqWrap.oncomplete (fs.js:123:15)
156 error
156 error Error: EPERM: operation not permitted, rename 'E:\projects\superMan\example\node_modules\.staging\react-native-tab-view-0e389d77' -> 'E:\projects\superMan\example\node_modules\react-native-tab-view'
156 error     at Error (native) parent: 'example' }
157 error Please try running this command again as root/Administrator.
158 verbose exit [ -4048, true ]
